Added Component: Designator=C1(C_FLM_4X2H7)
Add component (AddParameter): Name = "ASSEMBLY"; Value = "ASSEMBLY"; VariantName = "[No Variations]"
Add component (AddParameter): Name = "DESC"; Value = "DESCRIPTION"; VariantName = "[No Variations]"
Add component (AddParameter): Name = "DIST#"; Value = "MOUSER"; VariantName = "[No Variations]"
Add component (AddParameter): Name = "MANF"; Value = "MANF"; VariantName = "[No Variations]"
Add component (AddParameter): Name = "MANF_P#"; Value = "MANF_PART#"; VariantName = "[No Variations]"
Add component (AddParameter): Name = "PARAM"; Value = "20%"; VariantName = "[No Variations]"
Add component (AddParameter): Name = "PARAM2"; Value = "25V"; VariantName = "[No Variations]"
Add component (AddParameter): Name = "PRICE"; Value = "10= 5$"; VariantName = "[No Variations]"
Add component (AddParameter): Name = "VALUE"; Value = "68Nf"; VariantName = "[No Variations]"
Added Component: Designator=Lamp(MSTB_2)
Add component (AddParameter): Name = "ASSEMBLY"; Value = ""; VariantName = "[No Variations]"
Add component (AddParameter): Name = "DESC"; Value = ""; VariantName = "[No Variations]"
Add component (AddParameter): Name = "DIST#"; Value = ""; VariantName = "[No Variations]"
Add component (AddParameter): Name = "MANF"; Value = ""; VariantName = "[No Variations]"
Add component (AddParameter): Name = "MANF_P#"; Value = ""; VariantName = "[No Variations]"
Add component (AddParameter): Name = "PARAM"; Value = "12A"; VariantName = "[No Variations]"
Add component (AddParameter): Name = "PARAM2"; Value = "320V"; VariantName = "[No Variations]"
Add component (AddParameter): Name = "PRICE"; Value = ""; VariantName = "[No Variations]"
Add component (AddParameter): Name = "VALUE"; Value = "CONN_TB2"; VariantName = "[No Variations]"
Added Component: Designator=Power(MSTB_2)
Add component (AddParameter): Name = "ASSEMBLY"; Value = ""; VariantName = "[No Variations]"
Add component (AddParameter): Name = "DESC"; Value = ""; VariantName = "[No Variations]"
Add component (AddParameter): Name = "DIST#"; Value = ""; VariantName = "[No Variations]"
Add component (AddParameter): Name = "MANF"; Value = ""; VariantName = "[No Variations]"
Add component (AddParameter): Name = "MANF_P#"; Value = ""; VariantName = "[No Variations]"
Add component (AddParameter): Name = "PARAM"; Value = "12A"; VariantName = "[No Variations]"
Add component (AddParameter): Name = "PARAM2"; Value = "320V"; VariantName = "[No Variations]"
Add component (AddParameter): Name = "PRICE"; Value = ""; VariantName = "[No Variations]"
Add component (AddParameter): Name = "VALUE"; Value = "CONN_TB2"; VariantName = "[No Variations]"
Added Component: Designator=Q1(TO220_3)
Add component (AddParameter): Name = "MANF"; Value = "ST"; VariantName = "[No Variations]"
Add component (AddParameter): Name = "MANF_P#"; Value = "BTA12-600BW, BTA12-600CW, BTA12-600TW"; VariantName = "[No Variations]"
Add component (AddParameter): Name = "PARAM"; Value = ""; VariantName = "[No Variations]"
Add component (AddParameter): Name = "PARAM2"; Value = ""; VariantName = "[No Variations]"
Add component (AddParameter): Name = "PRICE"; Value = "1200toman@PAYA"; VariantName = "[No Variations]"
Add component (AddParameter): Name = "VALUE"; Value = "BTA12"; VariantName = "[No Variations]"
Added Component: Designator=Q2(D_AX03_DO35)
Add component (AddParameter): Name = "MANF"; Value = "ST"; VariantName = "[No Variations]"
Add component (AddParameter): Name = "MANF_P#"; Value = "DB3"; VariantName = "[No Variations]"
Add component (AddParameter): Name = "PARAM"; Value = "2A, -40~125oC"; VariantName = "[No Variations]"
Add component (AddParameter): Name = "PARAM2"; Value = "32VBO"; VariantName = "[No Variations]"
Add component (AddParameter): Name = "PRICE"; Value = "toman@PAYA"; VariantName = "[No Variations]"
Add component (AddParameter): Name = "VALUE"; Value = "DB3"; VariantName = "[No Variations]"
Added Component: Designator=R1(VOL_R)
Add component (AddParameter): Name = "ASSEMBLY"; Value = ""; VariantName = "[No Variations]"
Add component (AddParameter): Name = "DESC"; Value = ""; VariantName = "[No Variations]"
Add component (AddParameter): Name = "DIST#"; Value = ""; VariantName = "[No Variations]"
Add component (AddParameter): Name = "MANF"; Value = ""; VariantName = "[No Variations]"
Add component (AddParameter): Name = "MANF_P#"; Value = ""; VariantName = "[No Variations]"
Add component (AddParameter): Name = "PARAM"; Value = ""; VariantName = "[No Variations]"
Add component (AddParameter): Name = "PARAM2"; Value = ""; VariantName = "[No Variations]"
Add component (AddParameter): Name = "PRICE"; Value = ""; VariantName = "[No Variations]"
Add component (AddParameter): Name = "VALUE"; Value = "POT10K"; VariantName = "[No Variations]"
Added Component: Designator=R2(R025W_AX04)
Add component (AddParameter): Name = "ASSEMBLY"; Value = "ASSEMBLY"; VariantName = "[No Variations]"
Add component (AddParameter): Name = "DESC"; Value = "DESCRIPTION"; VariantName = "[No Variations]"
Add component (AddParameter): Name = "DIST#"; Value = "MOUSER"; VariantName = "[No Variations]"
Add component (AddParameter): Name = "MANF"; Value = "KOA SPEER"; VariantName = "[No Variations]"
Add component (AddParameter): Name = "MANF_P#"; Value = "RK73H1ETTP4701F"; VariantName = "[No Variations]"
Add component (AddParameter): Name = "PARAM"; Value = "0.063W"; VariantName = "[No Variations]"
Add component (AddParameter): Name = "PARAM2"; Value = "1%"; VariantName = "[No Variations]"
Add component (AddParameter): Name = "PRICE"; Value = "100= 0.5$"; VariantName = "[No Variations]"
Add component (AddParameter): Name = "VALUE"; Value = "3.3K"; VariantName = "[No Variations]"
Added Pin To Net: NetName=L Pin=C1-2
Added Pin To Net: NetName=L Pin=Power-1
Added Pin To Net: NetName=L Pin=Q1-1
Added Net: Name=L
Added Pin To Net: NetName=NetC1_1 Pin=C1-1
Added Pin To Net: NetName=NetC1_1 Pin=Q2-2
Added Pin To Net: NetName=NetC1_1 Pin=R2-1
Added Net: Name=NetC1_1
Added Pin To Net: NetName=NetLamp_2 Pin=Lamp-2
Added Pin To Net: NetName=NetLamp_2 Pin=Q1-2
Added Pin To Net: NetName=NetLamp_2 Pin=R1-1
Added Pin To Net: NetName=NetLamp_2 Pin=R1-2
Added Net: Name=NetLamp_2
Added Pin To Net: NetName=NetQ1_3 Pin=Q1-3
Added Pin To Net: NetName=NetQ1_3 Pin=Q2-1
Added Net: Name=NetQ1_3
Added Pin To Net: NetName=NetR1_3 Pin=R1-3
Added Pin To Net: NetName=NetR1_3 Pin=R2-2
Added Net: Name=NetR1_3
Added Pin To Net: NetName=N Pin=Lamp-1
Added Pin To Net: NetName=N Pin=Power-2
Added Net: Name=N
Added Class: Name=Sheet1
